#
# A fatal error has been detected by the Java Runtime Environment:
#
#  Internal Error (javaClasses.cpp:124), pid=5324, tid=5648
#  fatal error: Invalid layout of preloaded class
#
# JRE version:  (8.0-b132) (build )
# Java VM: Java HotSpot(TM) 64-Bit Server VM (25.0-b70 mixed mode windows-amd64 compressed oops)
# Failed to write core dump. Minidumps are not enabled by default on client versions of Windows
#
# If you would like to submit a bug report, please visit:
#   http://bugreport.sun.com/bugreport/crash.jsp
#

---------------  T H R E A D  ---------------

Current thread (0x0000000002d10800):  JavaThread "Unknown thread" [_thread_in_vm, id=5648, stack(0x0000000002860000,0x0000000002960000)]

Stack: [0x0000000002860000,0x0000000002960000]
Native frames: (J=compiled Java code, j=interpreted, Vv=VM code, C=native code)
V  [jvm.dll+0x308e0a]
V  [jvm.dll+0x25df11]
V  [jvm.dll+0x25eb2f]
V  [jvm.dll+0x256486]
V  [jvm.dll+0x5d36c]
V  [jvm.dll+0x5d463]
V  [jvm.dll+0x71d5a]
V  [jvm.dll+0x720b8]
V  [jvm.dll+0xe1637]
V  [jvm.dll+0xe19c6]
V  [jvm.dll+0x1f1407]
V  [jvm.dll+0x2227e4]
V  [jvm.dll+0x149f91]
C  [javaw.exe+0x208a]
C  [javaw.exe+0xc9db]
C  [javaw.exe+0xca6f]
C  [KERNEL32.DLL+0x1842]
C  [ntdll.dll+0x5d609]


---------------  P R O C E S S  ---------------

Java Threads: ( => current thread )

Other Threads:

=>0x0000000002d10800 (exited) JavaThread "Unknown thread" [_thread_in_vm, id=5648, stack(0x0000000002860000,0x0000000002960000)]

VM state:not at safepoint (not fully initialized)

VM Mutex/Monitor currently owned by a thread: None

GC Heap History (0 events):
No events

Deoptimization events (0 events):
No events

Internal exceptions (0 events):
No events

Events (10 events):
Event: 0.009 loading class java/lang/CharSequence done
Event: 0.010 loading class java/lang/String done
Event: 0.010 loading class java/lang/Class
Event: 0.010 loading class java/lang/reflect/AnnotatedElement
Event: 0.010 loading class java/lang/reflect/AnnotatedElement done
Event: 0.010 loading class java/lang/reflect/GenericDeclaration
Event: 0.010 loading class java/lang/reflect/GenericDeclaration done
Event: 0.010 loading class java/lang/reflect/Type
Event: 0.010 loading class java/lang/reflect/Type done
Event: 0.010 loading class java/lang/Class done


Dynamic libraries:
0x000007f701420000 - 0x000007f701454000 	C:\Program Files\Java\jre8\bin\javaw.exe
0x000007fcc9020000 - 0x000007fcc91e0000 	C:\Windows\SYSTEM32\ntdll.dll
0x000007fcc7230000 - 0x000007fcc7367000 	C:\Windows\system32\KERNEL32.DLL
0x000007fcc6260000 - 0x000007fcc6354000 	C:\Windows\system32\KERNELBASE.dll
0x000007fcc8910000 - 0x000007fcc89ee000 	C:\Windows\system32\ADVAPI32.dll
0x000007fcc86e0000 - 0x000007fcc882c000 	C:\Windows\system32\USER32.dll
0x000007fcc3e00000 - 0x000007fcc406a000 	C:\Windows\WinSxS\amd64_microsoft.windows.common-controls_6595b64144ccf1df_6.0.9200.16579_none_418ab7ef718b27ef\COMCTL32.dll
0x000007fcc8d60000 - 0x000007fcc8e05000 	C:\Windows\system32\msvcrt.dll
0x000007fcc8650000 - 0x000007fcc8698000 	C:\Windows\SYSTEM32\sechost.dll
0x000007fcc8ed0000 - 0x000007fcc9015000 	C:\Windows\system32\RPCRT4.dll
0x000007fcc6590000 - 0x000007fcc66d1000 	C:\Windows\system32\GDI32.dll
0x000007fcc86a0000 - 0x000007fcc86d9000 	C:\Windows\system32\IMM32.DLL
0x000007fcc6c10000 - 0x000007fcc6d26000 	C:\Windows\system32\MSCTF.dll
0x0000000066dc0000 - 0x0000000066e92000 	C:\Program Files\Java\jre8\bin\msvcr100.dll
0x0000000066030000 - 0x000000006685a000 	C:\Program Files\Java\jre8\bin\server\jvm.dll
0x000007fcc19b0000 - 0x000007fcc19b9000 	C:\Windows\SYSTEM32\WSOCK32.dll
0x000007fcc3730000 - 0x000007fcc3750000 	C:\Windows\SYSTEM32\WINMM.dll
0x000007fcc8900000 - 0x000007fcc8907000 	C:\Windows\system32\PSAPI.DLL
0x000007fcc8e20000 - 0x000007fcc8e78000 	C:\Windows\system32\WS2_32.dll
0x000007fcc21d0000 - 0x000007fcc2203000 	C:\Windows\SYSTEM32\WINMMBASE.dll
0x000007fcc6840000 - 0x000007fcc6849000 	C:\Windows\system32\NSI.dll
0x000007fcc6180000 - 0x000007fcc61cf000 	C:\Windows\SYSTEM32\cfgmgr32.dll
0x000007fcc61d0000 - 0x000007fcc61f2000 	C:\Windows\system32\DEVOBJ.dll
0x0000000066db0000 - 0x0000000066dbf000 	C:\Program Files\Java\jre8\bin\verify.dll
0x0000000066d80000 - 0x0000000066da8000 	C:\Program Files\Java\jre8\bin\java.dll
0x0000000066d60000 - 0x0000000066d76000 	C:\Program Files\Java\jre8\bin\zip.dll
0x000007fcbbd00000 - 0x000007fcbbe63000 	C:\Windows\SYSTEM32\dbghelp.dll

VM Arguments:
jvm_args: -Dfile.encoding=Cp1252 -Xbootclasspath:C:\Users\pablo\android-sdks\platforms\android-19\android.jar 
java_command: twitter4j.Version
java_class_path (initial): C:\Users\pablo\Desktop\FelicitaCumple\libs\twitter4j-core-4.0.1.jar;C:\Users\pablo\Desktop\FelicitaCumple\libs\additionnal.jar;C:\Users\pablo\Desktop\FelicitaCumple\libs\mail.jar;C:\Users\pablo\Desktop\appcompat_v7\libs\android-support-v4.jar;C:\Users\pablo\Desktop\FelicitaCumple\libs\bolts.jar;C:\Users\pablo\Desktop\FelicitaCumple\libs\hintdesk.core.jar;C:\Users\pablo\Desktop\appcompat_v7\libs\android-support-v7-appcompat.jar;C:\Users\pablo\Desktop\FelicitaCumple\libs\activation.jar;C:\Users\pablo\Desktop\appcompat_v7\bin\android-support-v7-appcompat.jar;C:\Users\pablo\workspace\FacebookSDK\bin\facebooksdk.jar;C:\Users\pablo\Desktop\FelicitaCumple\bin\classes
Launcher Type: SUN_STANDARD

Environment Variables:
PATH=C:\Program Files (x86)\AMD APP\bin\x86_64;C:\Program Files (x86)\AMD APP\bin\x86;C:\Windows\system32;C:\Windows;C:\Windows\System32\Wbem;C:\Windows\System32\WindowsPowerShell\v1.0\;C:\Program Files (x86)\ATI Technologies\ATI.ACE\Core-Static;C:\Users\pablo\android-sdks\platform-tools\;C:\Users\pablo\android-sdks\tools\
USERNAME=pablo
OS=Windows_NT
PROCESSOR_IDENTIFIER=Intel64 Family 6 Model 58 Stepping 9, GenuineIntel



---------------  S Y S T E M  ---------------

OS: Windows 8 , 64 bit Build 9200 

CPU:total 4 (2 cores per cpu, 2 threads per core) family 6 model 58 stepping 9, cmov, cx8, fxsr, mmx, sse, sse2, sse3, ssse3, sse4.1, sse4.2, popcnt, avx, aes, clmul, erms, ht, tsc, tscinvbit

Memory: 4k page, physical 6241588k(2927108k free), swap 9256244k(4916960k free)

vm_info: Java HotSpot(TM) 64-Bit Server VM (25.0-b70) for windows-amd64 JRE (1.8.0-b132), built on Mar  4 2014 03:46:18 by "java_re" with MS VC++ 10.0 (VS2010)

time: Sun May 04 16:33:35 2014
elapsed time: 0 seconds

